[INFO] 2025-11-27 23:35:50,343 Run server
[INFO] 2025-11-27 23:36:10,418 Got request
[INFO] 2025-11-27 23:36:10,469 Sending response
[INFO] 2025-11-27 23:36:10,469 Delay 0.05075502395629883
[INFO] 2025-11-27 23:36:28,881 Got request
[INFO] 2025-11-27 23:36:28,902 Sending response
[INFO] 2025-11-27 23:36:28,902 Delay 0.020053625106811523
[INFO] 2025-11-27 23:55:11,640 Run server
[INFO] 2025-11-27 23:55:19,433 Got request
[INFO] 2025-11-27 23:55:19,528 Sending response
[INFO] 2025-11-27 23:55:19,528 Delay 0.0949409008026123
[INFO] 2025-11-27 23:55:23,771 Got request
[INFO] 2025-11-27 23:55:23,812 Sending response
[INFO] 2025-11-27 23:55:23,812 Delay 0.0402674674987793
[INFO] 2025-11-27 23:55:28,017 Got request
[INFO] 2025-11-27 23:55:28,022 Sending response
[INFO] 2025-11-27 23:55:28,022 Delay 0.004761219024658203
[INFO] 2025-11-27 23:55:28,027 Got request
[INFO] 2025-11-27 23:55:28,058 Sending response
[INFO] 2025-11-27 23:55:28,058 Delay 0.030205249786376953
[INFO] 2025-11-27 23:56:21,366 Got request
[INFO] 2025-11-27 23:56:21,390 Sending response
[INFO] 2025-11-27 23:56:21,390 Delay 0.02365255355834961
[INFO] 2025-11-27 23:58:40,995 Run server
[INFO] 2025-11-27 23:58:41,075 Got request
[INFO] 2025-11-27 23:58:41,105 Sending response
[INFO] 2025-11-27 23:58:41,105 Delay 0.030055999755859375
[INFO] 2025-11-27 23:58:42,166 Got request
[INFO] 2025-11-27 23:58:42,190 Sending response
[INFO] 2025-11-27 23:58:42,190 Delay 0.024546384811401367
[INFO] 2025-11-27 23:58:42,691 Got request
[INFO] 2025-11-27 23:58:42,714 Sending response
[INFO] 2025-11-27 23:58:42,714 Delay 0.02361917495727539
[INFO] 2025-11-27 23:58:42,872 Got request
[INFO] 2025-11-27 23:58:42,894 Sending response
[INFO] 2025-11-27 23:58:42,894 Delay 0.021677017211914062
[INFO] 2025-11-27 23:58:43,050 Got request
[INFO] 2025-11-27 23:58:43,075 Sending response
[INFO] 2025-11-27 23:58:43,075 Delay 0.024644136428833008
[INFO] 2025-11-27 23:59:43,498 Run server
[INFO] 2025-11-27 23:59:46,003 Got request
[INFO] 2025-11-27 23:59:46,054 Sending response
[INFO] 2025-11-27 23:59:46,054 Delay 0.0507960319519043
[INFO] 2025-11-27 23:59:52,670 Got request
[INFO] 2025-11-27 23:59:52,674 Sending response
[INFO] 2025-11-27 23:59:52,675 Delay 0.004633903503417969
[INFO] 2025-11-27 23:59:52,882 Got request
[INFO] 2025-11-27 23:59:52,893 Sending response
[INFO] 2025-11-27 23:59:52,893 Delay 0.01097869873046875
[INFO] 2025-11-28 00:00:32,458 Got request
[INFO] 2025-11-28 00:00:32,463 Sending response
[INFO] 2025-11-28 00:00:32,463 Delay 0.004692554473876953
[INFO] 2025-11-28 00:00:32,467 Got request
[INFO] 2025-11-28 00:00:32,468 Sending response
[INFO] 2025-11-28 00:00:32,469 Delay 0.0012156963348388672
[INFO] 2025-11-28 00:00:36,052 Got request
[INFO] 2025-11-28 00:00:36,056 Sending response
[INFO] 2025-11-28 00:00:36,057 Delay 0.004584789276123047
[INFO] 2025-11-28 00:00:43,954 Got request
[INFO] 2025-11-28 00:00:44,753 Sending response
[INFO] 2025-11-28 00:00:44,753 Delay 0.7985987663269043
[INFO] 2025-11-28 00:01:15,940 Got request
[INFO] 2025-11-28 00:01:15,941 Sending response
[INFO] 2025-11-28 00:01:15,941 Delay 0.0009593963623046875
[INFO] 2025-11-28 00:01:45,435 Got request
[INFO] 2025-11-28 00:01:45,436 Sending response
[INFO] 2025-11-28 00:01:45,436 Delay 0.0009839534759521484
[INFO] 2025-11-28 00:02:03,724 Got request
[INFO] 2025-11-28 00:02:03,729 Sending response
[INFO] 2025-11-28 00:02:03,729 Delay 0.005018711090087891
[INFO] 2025-11-28 00:02:14,558 Got request
[INFO] 2025-11-28 00:02:14,562 Sending response
[INFO] 2025-11-28 00:02:14,562 Delay 0.003374814987182617
[INFO] 2025-11-28 00:03:57,305 Got request
[INFO] 2025-11-28 00:03:58,035 Sending response
[INFO] 2025-11-28 00:03:58,035 Delay 0.7206189632415771
[INFO] 2025-11-28 00:04:23,101 Got request
[INFO] 2025-11-28 00:04:23,102 Sending response
[INFO] 2025-11-28 00:04:23,102 Delay 0.0009660720825195312
[INFO] 2025-11-28 00:05:28,253 Got request
[INFO] 2025-11-28 00:05:28,253 Sending response
[INFO] 2025-11-28 00:05:28,254 Delay 0.0007615089416503906
[INFO] 2025-11-28 00:05:39,462 Got request
[INFO] 2025-11-28 00:05:39,462 Sending response
[INFO] 2025-11-28 00:05:39,462 Delay 0.0005497932434082031
[INFO] 2025-11-28 00:07:43,919 Got request
[INFO] 2025-11-28 00:07:44,637 Sending response
[INFO] 2025-11-28 00:07:44,638 Delay 0.7182626724243164
[INFO] 2025-11-28 00:09:16,715 Got request
[INFO] 2025-11-28 00:09:16,725 Sending response
[INFO] 2025-11-28 00:09:16,725 Delay 0.010094881057739258
[INFO] 2025-11-28 00:09:46,812 Got request
[INFO] 2025-11-28 00:09:46,815 Sending response
[INFO] 2025-11-28 00:09:46,815 Delay 0.0033888816833496094
[INFO] 2025-11-28 00:09:46,991 Got request
[INFO] 2025-11-28 00:09:47,000 Sending response
[INFO] 2025-11-28 00:09:47,000 Delay 0.009056568145751953
[INFO] 2025-11-28 00:11:21,810 Got request
[INFO] 2025-11-28 00:11:21,812 Sending response
[INFO] 2025-11-28 00:11:21,813 Delay 0.002054452896118164
[INFO] 2025-11-28 00:11:21,921 Got request
[INFO] 2025-11-28 00:11:21,929 Sending response
[INFO] 2025-11-28 00:11:21,929 Delay 0.008480310440063477
[INFO] 2025-11-28 00:14:03,722 Run server
[INFO] 2025-11-28 00:14:11,239 Run server
[INFO] 2025-11-28 00:15:23,902 Run server
[INFO] 2025-11-28 00:15:35,718 Run server
[INFO] 2025-11-28 00:15:39,015 Run server
[INFO] 2025-11-28 00:15:59,137 Run server
[INFO] 2025-11-28 00:16:09,160 Run server
[INFO] 2025-11-28 00:16:26,349 Run server
[INFO] 2025-11-28 00:16:28,763 Run server
[INFO] 2025-11-28 00:16:32,435 Got request
[INFO] 2025-11-28 00:16:32,557 Sending response
[INFO] 2025-11-28 00:16:32,557 Delay 0.12207317352294922
[INFO] 2025-11-28 00:16:38,647 Got request
[INFO] 2025-11-28 00:16:38,654 Sending response
[INFO] 2025-11-28 00:16:38,654 Delay 0.004694461822509766
[INFO] 2025-11-28 00:16:38,855 Got request
[INFO] 2025-11-28 00:16:38,872 Sending response
[INFO] 2025-11-28 00:16:38,873 Delay 0.017752885818481445
[INFO] 2025-12-07 18:23:13,377 Run server
[INFO] 2025-12-07 18:23:15,246 Got request
[INFO] 2025-12-07 18:23:15,269 Sending response
[INFO] 2025-12-07 18:23:15,269 Delay 0.022701263427734375
[INFO] 2025-12-07 18:23:15,738 Got request
[INFO] 2025-12-07 18:23:15,743 Sending response
[INFO] 2025-12-07 18:23:15,743 Delay 0.005158662796020508
[INFO] 2025-12-07 18:23:27,407 Got request
[INFO] 2025-12-07 18:23:27,419 Sending response
[INFO] 2025-12-07 18:23:27,419 Delay 0.01169133186340332
[INFO] 2025-12-07 18:23:47,635 Got request
[INFO] 2025-12-07 18:23:48,245 Sending response
[INFO] 2025-12-07 18:23:48,245 Delay 0.6095340251922607
[INFO] 2025-12-07 18:23:48,253 Got request
[INFO] 2025-12-07 18:23:48,257 Sending response
[INFO] 2025-12-07 18:23:48,257 Delay 0.0037865638732910156
[INFO] 2025-12-07 18:23:53,082 Got request
[INFO] 2025-12-07 18:23:53,093 Sending response
[INFO] 2025-12-07 18:23:53,093 Delay 0.010846853256225586
[INFO] 2025-12-07 18:23:54,815 Got request
[INFO] 2025-12-07 18:23:54,818 Sending response
[INFO] 2025-12-07 18:23:54,818 Delay 0.003243684768676758
[INFO] 2025-12-07 18:23:55,934 Got request
[INFO] 2025-12-07 18:23:55,946 Sending response
[INFO] 2025-12-07 18:23:55,947 Delay 0.012097597122192383
[INFO] 2025-12-07 18:28:30,754 Got request
[INFO] 2025-12-07 18:28:30,762 Sending response
[INFO] 2025-12-07 18:28:30,762 Delay 0.007355213165283203
[INFO] 2025-12-07 20:04:29,413 Run server
[INFO] 2025-12-07 20:06:48,810 Run server
[INFO] 2025-12-07 20:29:14,226 scheduled_task
[INFO] 2025-12-07 20:29:24,224 scheduled_task
[INFO] 2025-12-07 20:29:34,230 scheduled_task
[INFO] 2025-12-07 20:29:44,223 scheduled_task
[INFO] 2025-12-07 20:29:54,228 scheduled_task
[INFO] 2025-12-07 20:30:04,227 scheduled_task
[INFO] 2025-12-07 20:30:14,227 scheduled_task
[INFO] 2025-12-07 20:30:24,223 scheduled_task
[INFO] 2025-12-07 20:30:34,227 scheduled_task
[INFO] 2025-12-07 20:30:44,224 scheduled_task
[INFO] 2025-12-07 20:30:54,224 scheduled_task
[INFO] 2025-12-07 20:31:04,223 scheduled_task
[INFO] 2025-12-07 20:31:14,224 scheduled_task
[INFO] 2025-12-07 20:31:24,229 scheduled_task
[INFO] 2025-12-07 20:31:34,223 scheduled_task
[INFO] 2025-12-07 20:31:44,225 scheduled_task
[INFO] 2025-12-07 20:31:54,224 scheduled_task
[INFO] 2025-12-07 20:32:04,224 scheduled_task
[INFO] 2025-12-07 20:32:14,229 scheduled_task
[INFO] 2025-12-07 20:32:24,224 scheduled_task
[INFO] 2025-12-07 20:32:34,224 scheduled_task
[INFO] 2025-12-07 20:32:44,230 scheduled_task
[INFO] 2025-12-07 20:32:54,229 scheduled_task
[INFO] 2025-12-07 20:33:04,229 scheduled_task
[INFO] 2025-12-07 20:33:14,225 scheduled_task
[INFO] 2025-12-07 20:33:24,229 scheduled_task
[INFO] 2025-12-07 20:33:34,227 scheduled_task
[INFO] 2025-12-07 20:33:44,225 scheduled_task
[INFO] 2025-12-07 20:33:54,225 scheduled_task
[INFO] 2025-12-07 20:34:04,224 scheduled_task
[INFO] 2025-12-07 20:34:14,237 scheduled_task
[INFO] 2025-12-07 20:34:24,233 scheduled_task
[INFO] 2025-12-07 20:34:34,227 scheduled_task
[INFO] 2025-12-07 20:34:44,226 scheduled_task
[INFO] 2025-12-07 20:34:54,227 scheduled_task
[INFO] 2025-12-07 20:35:04,232 scheduled_task
[INFO] 2025-12-07 20:35:14,228 scheduled_task
[INFO] 2025-12-07 20:35:24,238 scheduled_task
[INFO] 2025-12-07 20:35:34,225 scheduled_task
[INFO] 2025-12-07 20:35:44,228 scheduled_task
[INFO] 2025-12-07 20:35:54,225 scheduled_task
[INFO] 2025-12-07 20:36:04,225 scheduled_task
[INFO] 2025-12-07 20:36:14,229 scheduled_task
[INFO] 2025-12-07 20:36:24,225 scheduled_task
[INFO] 2025-12-07 20:36:34,225 scheduled_task
[INFO] 2025-12-07 20:36:44,225 scheduled_task
[INFO] 2025-12-07 20:36:54,226 scheduled_task
[INFO] 2025-12-07 20:37:04,232 scheduled_task
[INFO] 2025-12-07 20:37:14,226 scheduled_task
[INFO] 2025-12-07 20:37:24,243 scheduled_task
[INFO] 2025-12-07 20:37:34,234 scheduled_task
[INFO] 2025-12-07 20:37:44,233 scheduled_task
[INFO] 2025-12-07 20:37:54,229 scheduled_task
[INFO] 2025-12-07 20:38:04,227 scheduled_task
[INFO] 2025-12-07 20:38:14,226 scheduled_task
[INFO] 2025-12-07 20:38:24,231 scheduled_task
[INFO] 2025-12-07 20:38:34,226 scheduled_task
[INFO] 2025-12-07 20:38:44,233 scheduled_task
[INFO] 2025-12-07 20:38:54,226 scheduled_task
[INFO] 2025-12-07 20:39:04,226 scheduled_task
[INFO] 2025-12-07 20:39:14,226 scheduled_task
[INFO] 2025-12-07 20:39:24,234 scheduled_task
[INFO] 2025-12-07 20:58:25,346 scheduled_task
[INFO] 2025-12-07 20:58:35,348 scheduled_task
[INFO] 2025-12-07 20:58:45,353 scheduled_task
[INFO] 2025-12-07 20:58:55,357 scheduled_task
[INFO] 2025-12-07 20:59:05,354 scheduled_task
[INFO] 2025-12-07 20:59:15,351 scheduled_task
[INFO] 2025-12-07 20:59:25,346 scheduled_task
[INFO] 2025-12-07 20:59:35,351 scheduled_task
[INFO] 2025-12-07 20:59:45,346 scheduled_task
[INFO] 2025-12-07 20:59:55,358 scheduled_task
[INFO] 2025-12-07 21:00:05,347 scheduled_task
[INFO] 2025-12-07 21:00:15,354 scheduled_task
[INFO] 2025-12-07 21:00:25,349 scheduled_task
[INFO] 2025-12-07 21:00:35,348 scheduled_task
[INFO] 2025-12-07 21:00:45,350 scheduled_task
[INFO] 2025-12-07 21:00:55,356 scheduled_task
[INFO] 2025-12-07 21:01:05,354 scheduled_task
[INFO] 2025-12-07 21:01:15,348 scheduled_task
[INFO] 2025-12-07 21:01:25,348 scheduled_task
[INFO] 2025-12-07 21:01:35,350 scheduled_task
[INFO] 2025-12-07 21:01:45,354 scheduled_task
[INFO] 2025-12-07 21:01:55,349 scheduled_task
[INFO] 2025-12-07 21:02:05,354 scheduled_task
[INFO] 2025-12-07 21:02:15,353 scheduled_task
[INFO] 2025-12-07 21:02:25,357 scheduled_task
[INFO] 2025-12-07 21:02:35,349 scheduled_task
[INFO] 2025-12-07 21:02:45,349 scheduled_task
[INFO] 2025-12-07 21:02:55,349 scheduled_task
[INFO] 2025-12-07 21:03:05,352 scheduled_task
[INFO] 2025-12-07 21:03:15,351 scheduled_task
[INFO] 2025-12-07 21:03:25,350 scheduled_task
[INFO] 2025-12-07 21:03:35,352 scheduled_task
[INFO] 2025-12-07 21:03:45,349 scheduled_task
[INFO] 2025-12-07 21:03:55,355 scheduled_task
[INFO] 2025-12-07 21:04:05,352 scheduled_task
[INFO] 2025-12-07 21:04:15,349 scheduled_task
[INFO] 2025-12-07 21:04:25,356 scheduled_task
[INFO] 2025-12-07 21:04:35,350 scheduled_task
[INFO] 2025-12-07 21:04:45,350 scheduled_task
[INFO] 2025-12-07 21:04:55,350 scheduled_task
[INFO] 2025-12-07 21:05:05,350 scheduled_task
[INFO] 2025-12-07 21:05:15,350 scheduled_task
[INFO] 2025-12-07 21:05:25,356 scheduled_task
[INFO] 2025-12-07 21:05:35,350 scheduled_task
[INFO] 2025-12-07 21:05:45,350 scheduled_task
[INFO] 2025-12-07 21:05:55,351 scheduled_task
[INFO] 2025-12-07 21:06:05,356 scheduled_task
[INFO] 2025-12-07 21:06:15,353 scheduled_task
[INFO] 2025-12-07 21:06:25,350 scheduled_task
[INFO] 2025-12-07 21:06:35,350 scheduled_task
[INFO] 2025-12-07 21:06:45,356 scheduled_task
[INFO] 2025-12-07 21:06:55,360 scheduled_task
[INFO] 2025-12-07 21:07:05,356 scheduled_task
[INFO] 2025-12-07 21:07:15,351 scheduled_task
[INFO] 2025-12-07 21:07:25,353 scheduled_task
[INFO] 2025-12-07 21:07:35,351 scheduled_task
[INFO] 2025-12-07 21:07:45,351 scheduled_task
[INFO] 2025-12-07 21:07:55,351 scheduled_task
[INFO] 2025-12-07 21:08:05,358 scheduled_task
[INFO] 2025-12-07 21:08:15,357 scheduled_task
[INFO] 2025-12-07 21:08:25,352 scheduled_task
[INFO] 2025-12-07 21:08:35,351 scheduled_task
[INFO] 2025-12-07 21:08:45,352 scheduled_task
[INFO] 2025-12-07 21:08:55,359 scheduled_task
[INFO] 2025-12-07 21:09:05,352 scheduled_task
[INFO] 2025-12-07 21:09:15,352 scheduled_task
[INFO] 2025-12-07 21:09:25,352 scheduled_task
[INFO] 2025-12-07 21:09:35,360 scheduled_task
[INFO] 2025-12-07 21:09:45,352 scheduled_task
[INFO] 2025-12-07 21:09:55,352 scheduled_task
[INFO] 2025-12-07 21:10:05,352 scheduled_task
[INFO] 2025-12-07 21:10:15,357 scheduled_task
[INFO] 2025-12-07 21:10:25,352 scheduled_task
[INFO] 2025-12-07 21:10:35,362 scheduled_task
[INFO] 2025-12-07 21:10:45,352 scheduled_task
[INFO] 2025-12-07 21:10:55,352 scheduled_task
[INFO] 2025-12-07 21:11:05,357 scheduled_task
[INFO] 2025-12-07 21:11:15,352 scheduled_task
[INFO] 2025-12-07 21:11:25,353 scheduled_task
[INFO] 2025-12-07 21:11:35,360 scheduled_task
[INFO] 2025-12-07 21:11:45,357 scheduled_task
[INFO] 2025-12-07 21:11:55,356 scheduled_task
[INFO] 2025-12-07 21:12:05,353 scheduled_task
[INFO] 2025-12-07 21:12:15,352 scheduled_task
[INFO] 2025-12-07 21:12:25,357 scheduled_task
[INFO] 2025-12-07 21:12:35,358 scheduled_task
[INFO] 2025-12-07 21:12:45,355 scheduled_task
[INFO] 2025-12-07 21:12:55,368 scheduled_task
[INFO] 2025-12-07 21:13:05,359 scheduled_task
