[INFO] 2025-11-27 23:32:15,004 Watching for file changes with StatReloader
[INFO] 2025-11-27 23:32:18,315 "GET / HTTP/1.1" 200 3916
[INFO] 2025-11-27 23:33:06,672 "POST /logout/ HTTP/1.1" 302 0
[INFO] 2025-11-27 23:33:06,688 "GET / HTTP/1.1" 200 3585
[INFO] 2025-11-27 23:33:15,782 "GET /login/ HTTP/1.1" 200 1178
[WARNING] 2025-11-27 23:33:20,636 Forbidden: /api/products/
[WARNING] 2025-11-27 23:33:20,637 "GET /api/products/ HTTP/1.1" 403 63
[INFO] 2025-11-27 23:35:11,263 D:\projects\dajngofreeman\mainfile\myproject\middleware\request_timer.py changed, reloading.
[INFO] 2025-11-27 23:35:12,259 Watching for file changes with StatReloader
[INFO] 2025-11-27 23:35:17,895 D:\projects\dajngofreeman\mainfile\myproject\middleware\request_timer.py changed, reloading.
[INFO] 2025-11-27 23:35:18,742 Watching for file changes with StatReloader
[INFO] 2025-11-27 23:35:20,289 D:\projects\dajngofreeman\mainfile\myproject\middleware\request_timer.py changed, reloading.
[INFO] 2025-11-27 23:35:21,065 Watching for file changes with StatReloader
[INFO] 2025-11-27 23:35:26,512 D:\projects\dajngofreeman\mainfile\myproject\middleware\request_timer.py changed, reloading.
[INFO] 2025-11-27 23:35:27,339 Watching for file changes with StatReloader
[INFO] 2025-11-27 23:35:39,532 D:\projects\dajngofreeman\mainfile\myproject\middleware\request_timer.py changed, reloading.
[INFO] 2025-11-27 23:35:40,348 Watching for file changes with StatReloader
[INFO] 2025-11-27 23:35:49,232 D:\projects\dajngofreeman\mainfile\myproject\middleware\request_timer.py changed, reloading.
[INFO] 2025-11-27 23:35:50,212 Watching for file changes with StatReloader
[INFO] 2025-11-27 23:36:10,472 "GET / HTTP/1.1" 200 3585
[INFO] 2025-11-27 23:36:28,903 "GET / HTTP/1.1" 200 3585
[INFO] 2025-11-27 23:52:40,783 Watching for file changes with StatReloader
[INFO] 2025-11-27 23:54:44,709 D:\projects\dajngofreeman\mainfile\myproject\settings.py changed, reloading.
[INFO] 2025-11-27 23:54:45,456 Watching for file changes with StatReloader
[INFO] 2025-11-27 23:55:10,735 D:\projects\dajngofreeman\mainfile\myproject\urls.py changed, reloading.
[INFO] 2025-11-27 23:55:11,444 Watching for file changes with StatReloader
[INFO] 2025-11-27 23:55:19,529 "GET / HTTP/1.1" 200 3585
[ERROR] 2025-11-27 23:55:23,808 Internal Server Error: /swagger/
Traceback (most recent call last):
  File "D:\projects\dajngofreeman\.venv\Lib\site-packages\django\core\handlers\exception.py", line 55, in inner
    response = get_response(request)
  File "D:\projects\dajngofreeman\.venv\Lib\site-packages\django\core\handlers\base.py", line 220, in _get_response
    response = response.render()
  File "D:\projects\dajngofreeman\.venv\Lib\site-packages\django\template\response.py", line 114, in render
    self.content = self.rendered_content
                   ^^^^^^^^^^^^^^^^^^^^^
  File "D:\projects\dajngofreeman\.venv\Lib\site-packages\rest_framework\response.py", line 74, in rendered_content
    ret = renderer.render(self.data, accepted_media_type, context)
  File "D:\projects\dajngofreeman\.venv\Lib\site-packages\drf_yasg\renderers.py", line 93, in render
    return render_to_string(
        self.template, renderer_context, renderer_context["request"]
    )
  File "D:\projects\dajngofreeman\.venv\Lib\site-packages\django\template\loader.py", line 61, in render_to_string
    template = get_template(template_name, using=using)
  File "D:\projects\dajngofreeman\.venv\Lib\site-packages\django\template\loader.py", line 19, in get_template
    raise TemplateDoesNotExist(template_name, chain=chain)
django.template.exceptions.TemplateDoesNotExist: drf-yasg/swagger-ui.html
[ERROR] 2025-11-27 23:55:23,813 "GET /swagger/ HTTP/1.1" 500 97375
[INFO] 2025-11-27 23:55:28,023 "GET /swagger HTTP/1.1" 301 0
[ERROR] 2025-11-27 23:55:28,056 Internal Server Error: /swagger/
Traceback (most recent call last):
  File "D:\projects\dajngofreeman\.venv\Lib\site-packages\django\core\handlers\exception.py", line 55, in inner
    response = get_response(request)
  File "D:\projects\dajngofreeman\.venv\Lib\site-packages\django\core\handlers\base.py", line 220, in _get_response
    response = response.render()
  File "D:\projects\dajngofreeman\.venv\Lib\site-packages\django\template\response.py", line 114, in render
    self.content = self.rendered_content
                   ^^^^^^^^^^^^^^^^^^^^^
  File "D:\projects\dajngofreeman\.venv\Lib\site-packages\rest_framework\response.py", line 74, in rendered_content
    ret = renderer.render(self.data, accepted_media_type, context)
  File "D:\projects\dajngofreeman\.venv\Lib\site-packages\drf_yasg\renderers.py", line 93, in render
    return render_to_string(
        self.template, renderer_context, renderer_context["request"]
    )
  File "D:\projects\dajngofreeman\.venv\Lib\site-packages\django\template\loader.py", line 61, in render_to_string
    template = get_template(template_name, using=using)
  File "D:\projects\dajngofreeman\.venv\Lib\site-packages\django\template\loader.py", line 19, in get_template
    raise TemplateDoesNotExist(template_name, chain=chain)
django.template.exceptions.TemplateDoesNotExist: drf-yasg/swagger-ui.html
[ERROR] 2025-11-27 23:55:28,059 "GET /swagger/ HTTP/1.1" 500 97375
[ERROR] 2025-11-27 23:56:21,389 Internal Server Error: /swagger/
Traceback (most recent call last):
  File "D:\projects\dajngofreeman\.venv\Lib\site-packages\django\core\handlers\exception.py", line 55, in inner
    response = get_response(request)
  File "D:\projects\dajngofreeman\.venv\Lib\site-packages\django\core\handlers\base.py", line 220, in _get_response
    response = response.render()
  File "D:\projects\dajngofreeman\.venv\Lib\site-packages\django\template\response.py", line 114, in render
    self.content = self.rendered_content
                   ^^^^^^^^^^^^^^^^^^^^^
  File "D:\projects\dajngofreeman\.venv\Lib\site-packages\rest_framework\response.py", line 74, in rendered_content
    ret = renderer.render(self.data, accepted_media_type, context)
  File "D:\projects\dajngofreeman\.venv\Lib\site-packages\drf_yasg\renderers.py", line 93, in render
    return render_to_string(
        self.template, renderer_context, renderer_context["request"]
    )
  File "D:\projects\dajngofreeman\.venv\Lib\site-packages\django\template\loader.py", line 61, in render_to_string
    template = get_template(template_name, using=using)
  File "D:\projects\dajngofreeman\.venv\Lib\site-packages\django\template\loader.py", line 19, in get_template
    raise TemplateDoesNotExist(template_name, chain=chain)
django.template.exceptions.TemplateDoesNotExist: drf-yasg/swagger-ui.html
[ERROR] 2025-11-27 23:56:21,391 "GET /swagger/ HTTP/1.1" 500 97375
[INFO] 2025-11-27 23:58:39,934 D:\projects\dajngofreeman\mainfile\myproject\urls.py changed, reloading.
[INFO] 2025-11-27 23:58:40,833 Watching for file changes with StatReloader
[ERROR] 2025-11-27 23:58:41,102 Internal Server Error: /swagger/
Traceback (most recent call last):
  File "D:\projects\dajngofreeman\.venv\Lib\site-packages\django\core\handlers\exception.py", line 55, in inner
    response = get_response(request)
  File "D:\projects\dajngofreeman\.venv\Lib\site-packages\django\core\handlers\base.py", line 220, in _get_response
    response = response.render()
  File "D:\projects\dajngofreeman\.venv\Lib\site-packages\django\template\response.py", line 114, in render
    self.content = self.rendered_content
                   ^^^^^^^^^^^^^^^^^^^^^
  File "D:\projects\dajngofreeman\.venv\Lib\site-packages\rest_framework\response.py", line 74, in rendered_content
    ret = renderer.render(self.data, accepted_media_type, context)
  File "D:\projects\dajngofreeman\.venv\Lib\site-packages\drf_yasg\renderers.py", line 93, in render
    return render_to_string(
        self.template, renderer_context, renderer_context["request"]
    )
  File "D:\projects\dajngofreeman\.venv\Lib\site-packages\django\template\loader.py", line 61, in render_to_string
    template = get_template(template_name, using=using)
  File "D:\projects\dajngofreeman\.venv\Lib\site-packages\django\template\loader.py", line 19, in get_template
    raise TemplateDoesNotExist(template_name, chain=chain)
django.template.exceptions.TemplateDoesNotExist: drf-yasg/swagger-ui.html
[ERROR] 2025-11-27 23:58:41,107 "GET /swagger/ HTTP/1.1" 500 97512
[ERROR] 2025-11-27 23:58:42,188 Internal Server Error: /swagger/
Traceback (most recent call last):
  File "D:\projects\dajngofreeman\.venv\Lib\site-packages\django\core\handlers\exception.py", line 55, in inner
    response = get_response(request)
  File "D:\projects\dajngofreeman\.venv\Lib\site-packages\django\core\handlers\base.py", line 220, in _get_response
    response = response.render()
  File "D:\projects\dajngofreeman\.venv\Lib\site-packages\django\template\response.py", line 114, in render
    self.content = self.rendered_content
                   ^^^^^^^^^^^^^^^^^^^^^
  File "D:\projects\dajngofreeman\.venv\Lib\site-packages\rest_framework\response.py", line 74, in rendered_content
    ret = renderer.render(self.data, accepted_media_type, context)
  File "D:\projects\dajngofreeman\.venv\Lib\site-packages\drf_yasg\renderers.py", line 93, in render
    return render_to_string(
        self.template, renderer_context, renderer_context["request"]
    )
  File "D:\projects\dajngofreeman\.venv\Lib\site-packages\django\template\loader.py", line 61, in render_to_string
    template = get_template(template_name, using=using)
  File "D:\projects\dajngofreeman\.venv\Lib\site-packages\django\template\loader.py", line 19, in get_template
    raise TemplateDoesNotExist(template_name, chain=chain)
django.template.exceptions.TemplateDoesNotExist: drf-yasg/swagger-ui.html
[ERROR] 2025-11-27 23:58:42,192 "GET /swagger/ HTTP/1.1" 500 97512
[ERROR] 2025-11-27 23:58:42,712 Internal Server Error: /swagger/
Traceback (most recent call last):
  File "D:\projects\dajngofreeman\.venv\Lib\site-packages\django\core\handlers\exception.py", line 55, in inner
    response = get_response(request)
  File "D:\projects\dajngofreeman\.venv\Lib\site-packages\django\core\handlers\base.py", line 220, in _get_response
    response = response.render()
  File "D:\projects\dajngofreeman\.venv\Lib\site-packages\django\template\response.py", line 114, in render
    self.content = self.rendered_content
                   ^^^^^^^^^^^^^^^^^^^^^
  File "D:\projects\dajngofreeman\.venv\Lib\site-packages\rest_framework\response.py", line 74, in rendered_content
    ret = renderer.render(self.data, accepted_media_type, context)
  File "D:\projects\dajngofreeman\.venv\Lib\site-packages\drf_yasg\renderers.py", line 93, in render
    return render_to_string(
        self.template, renderer_context, renderer_context["request"]
    )
  File "D:\projects\dajngofreeman\.venv\Lib\site-packages\django\template\loader.py", line 61, in render_to_string
    template = get_template(template_name, using=using)
  File "D:\projects\dajngofreeman\.venv\Lib\site-packages\django\template\loader.py", line 19, in get_template
    raise TemplateDoesNotExist(template_name, chain=chain)
django.template.exceptions.TemplateDoesNotExist: drf-yasg/swagger-ui.html
[ERROR] 2025-11-27 23:58:42,716 "GET /swagger/ HTTP/1.1" 500 97512
[ERROR] 2025-11-27 23:58:42,892 Internal Server Error: /swagger/
Traceback (most recent call last):
  File "D:\projects\dajngofreeman\.venv\Lib\site-packages\django\core\handlers\exception.py", line 55, in inner
    response = get_response(request)
  File "D:\projects\dajngofreeman\.venv\Lib\site-packages\django\core\handlers\base.py", line 220, in _get_response
    response = response.render()
  File "D:\projects\dajngofreeman\.venv\Lib\site-packages\django\template\response.py", line 114, in render
    self.content = self.rendered_content
                   ^^^^^^^^^^^^^^^^^^^^^
  File "D:\projects\dajngofreeman\.venv\Lib\site-packages\rest_framework\response.py", line 74, in rendered_content
    ret = renderer.render(self.data, accepted_media_type, context)
  File "D:\projects\dajngofreeman\.venv\Lib\site-packages\drf_yasg\renderers.py", line 93, in render
    return render_to_string(
        self.template, renderer_context, renderer_context["request"]
    )
  File "D:\projects\dajngofreeman\.venv\Lib\site-packages\django\template\loader.py", line 61, in render_to_string
    template = get_template(template_name, using=using)
  File "D:\projects\dajngofreeman\.venv\Lib\site-packages\django\template\loader.py", line 19, in get_template
    raise TemplateDoesNotExist(template_name, chain=chain)
django.template.exceptions.TemplateDoesNotExist: drf-yasg/swagger-ui.html
[ERROR] 2025-11-27 23:58:42,894 "GET /swagger/ HTTP/1.1" 500 97512
[ERROR] 2025-11-27 23:58:43,072 Internal Server Error: /swagger/
Traceback (most recent call last):
  File "D:\projects\dajngofreeman\.venv\Lib\site-packages\django\core\handlers\exception.py", line 55, in inner
    response = get_response(request)
  File "D:\projects\dajngofreeman\.venv\Lib\site-packages\django\core\handlers\base.py", line 220, in _get_response
    response = response.render()
  File "D:\projects\dajngofreeman\.venv\Lib\site-packages\django\template\response.py", line 114, in render
    self.content = self.rendered_content
                   ^^^^^^^^^^^^^^^^^^^^^
  File "D:\projects\dajngofreeman\.venv\Lib\site-packages\rest_framework\response.py", line 74, in rendered_content
    ret = renderer.render(self.data, accepted_media_type, context)
  File "D:\projects\dajngofreeman\.venv\Lib\site-packages\drf_yasg\renderers.py", line 93, in render
    return render_to_string(
        self.template, renderer_context, renderer_context["request"]
    )
  File "D:\projects\dajngofreeman\.venv\Lib\site-packages\django\template\loader.py", line 61, in render_to_string
    template = get_template(template_name, using=using)
  File "D:\projects\dajngofreeman\.venv\Lib\site-packages\django\template\loader.py", line 19, in get_template
    raise TemplateDoesNotExist(template_name, chain=chain)
django.template.exceptions.TemplateDoesNotExist: drf-yasg/swagger-ui.html
[ERROR] 2025-11-27 23:58:43,076 "GET /swagger/ HTTP/1.1" 500 97512
[INFO] 2025-11-27 23:59:14,915 D:\projects\dajngofreeman\mainfile\myproject\settings.py changed, reloading.
[INFO] 2025-11-27 23:59:15,560 Watching for file changes with StatReloader
[INFO] 2025-11-27 23:59:42,637 D:\projects\dajngofreeman\mainfile\myproject\settings.py changed, reloading.
[INFO] 2025-11-27 23:59:43,341 Watching for file changes with StatReloader
[INFO] 2025-11-27 23:59:46,055 "GET / HTTP/1.1" 200 3585
[INFO] 2025-11-27 23:59:52,676 "GET /swagger/ HTTP/1.1" 200 2209
[INFO] 2025-11-27 23:59:52,711 "GET /static/drf-yasg/style.css HTTP/1.1" 200 1047
[INFO] 2025-11-27 23:59:52,718 "GET /static/drf-yasg/insQ.min.js HTTP/1.1" 200 2093
[INFO] 2025-11-27 23:59:52,718 "GET /static/drf-yasg/swagger-ui-init.js HTTP/1.1" 200 15480
[INFO] 2025-11-27 23:59:52,720 "GET /static/drf-yasg/immutable.min.js HTTP/1.1" 200 56904
[INFO] 2025-11-27 23:59:52,721 "GET /static/drf-yasg/swagger-ui-dist/swagger-ui.css HTTP/1.1" 200 145206
[INFO] 2025-11-27 23:59:52,727 "GET /static/drf-yasg/swagger-ui-dist/swagger-ui-standalone-preset.js HTTP/1.1" 200 322863
[INFO] 2025-11-27 23:59:52,733 "GET /static/drf-yasg/swagger-ui-dist/swagger-ui-bundle.js HTTP/1.1" 200 1046583
[INFO] 2025-11-27 23:59:52,894 "GET /swagger/?format=openapi HTTP/1.1" 200 3239
[INFO] 2025-11-27 23:59:52,902 "GET /static/drf-yasg/swagger-ui-dist/favicon-32x32.png HTTP/1.1" 200 628
[INFO] 2025-11-28 00:00:32,464 "GET /api/token HTTP/1.1" 301 0
[WARNING] 2025-11-28 00:00:32,470 Method Not Allowed: /api/token/
[WARNING] 2025-11-28 00:00:32,470 "GET /api/token/ HTTP/1.1" 405 40
[ERROR] 2025-11-28 00:00:36,078 Internal Server Error: /api/token
Traceback (most recent call last):
  File "D:\projects\dajngofreeman\.venv\Lib\site-packages\django\core\handlers\exception.py", line 55, in inner
    response = get_response(request)
  File "D:\projects\dajngofreeman\.venv\Lib\site-packages\django\utils\deprecation.py", line 122, in __call__
    response = self.process_response(request, response)
  File "D:\projects\dajngofreeman\.venv\Lib\site-packages\django\middleware\common.py", line 108, in process_response
    return self.response_redirect_class(self.get_full_path_with_slash(request))
                                        ~~~~~~~~~~~~~~~~~~~~~~~~~~~~~^^^^^^^^^
  File "D:\projects\dajngofreeman\.venv\Lib\site-packages\django\middleware\common.py", line 87, in get_full_path_with_slash
    raise RuntimeError(
    ...<9 lines>...
    )
RuntimeError: You called this URL via POST, but the URL doesn't end in a slash and you have APPEND_SLASH set. Django can't redirect to the slash URL while maintaining POST data. Change your form to point to 127.0.0.1:8000/api/token/ (note the trailing slash), or set APPEND_SLASH=False in your Django settings.
[ERROR] 2025-11-28 00:00:36,082 "POST /api/token HTTP/1.1" 500 74083
[INFO] 2025-11-28 00:00:44,754 "POST /api/token/ HTTP/1.1" 200 489
[WARNING] 2025-11-28 00:01:15,942 Unauthorized: /api/api1/
[WARNING] 2025-11-28 00:01:15,943 "GET /api/api1/ HTTP/1.1" 401 58
[WARNING] 2025-11-28 00:01:45,436 Unauthorized: /api/products/
[WARNING] 2025-11-28 00:01:45,437 "GET /api/products/ HTTP/1.1" 401 58
[WARNING] 2025-11-28 00:02:03,729 Not Found: /accounts/login/
[WARNING] 2025-11-28 00:02:03,730 "GET /accounts/login/?next=/swagger/ HTTP/1.1" 404 5900
[WARNING] 2025-11-28 00:02:14,562 Not Found: /accounts/login/
[WARNING] 2025-11-28 00:02:14,563 "GET /accounts/login/?next=/swagger/ HTTP/1.1" 404 5900
[INFO] 2025-11-28 00:03:58,036 "POST /api/token/ HTTP/1.1" 200 489
[WARNING] 2025-11-28 00:04:23,102 Unauthorized: /api/products/
[WARNING] 2025-11-28 00:04:23,103 "GET /api/products/ HTTP/1.1" 401 58
[WARNING] 2025-11-28 00:05:28,254 Unauthorized: /api/products/detail/1
[WARNING] 2025-11-28 00:05:28,254 "GET /api/products/detail/1 HTTP/1.1" 401 58
[WARNING] 2025-11-28 00:05:39,463 Unauthorized: /api/products/detail/1
[WARNING] 2025-11-28 00:05:39,463 "GET /api/products/detail/1 HTTP/1.1" 401 58
[INFO] 2025-11-28 00:07:44,638 "POST /api/token/ HTTP/1.1" 200 489
[INFO] 2025-11-28 00:09:16,727 "GET /api/products/detail/1 HTTP/1.1" 200 70
[INFO] 2025-11-28 00:09:46,816 "GET /redoc/ HTTP/1.1" 200 952
[INFO] 2025-11-28 00:09:46,844 "GET /static/drf-yasg/style.css HTTP/1.1" 304 0
[INFO] 2025-11-28 00:09:46,853 "GET /static/drf-yasg/redoc-init.js HTTP/1.1" 200 2566
[INFO] 2025-11-28 00:09:46,854 "GET /static/drf-yasg/insQ.min.js HTTP/1.1" 304 0
[INFO] 2025-11-28 00:09:46,866 "GET /static/drf-yasg/redoc/redoc.min.js HTTP/1.1" 200 1042511
[INFO] 2025-11-28 00:09:47,001 "GET /redoc/?format=openapi HTTP/1.1" 200 3239
[INFO] 2025-11-28 00:09:47,001 "GET /static/drf-yasg/redoc/redoc-logo.png HTTP/1.1" 200 4969
[INFO] 2025-11-28 00:11:21,813 "GET /swagger/ HTTP/1.1" 200 2209
[INFO] 2025-11-28 00:11:21,847 "GET /static/drf-yasg/swagger-ui-dist/swagger-ui.css HTTP/1.1" 304 0
[INFO] 2025-11-28 00:11:21,848 "GET /static/drf-yasg/swagger-ui-dist/swagger-ui-standalone-preset.js HTTP/1.1" 304 0
[INFO] 2025-11-28 00:11:21,849 "GET /static/drf-yasg/swagger-ui-dist/swagger-ui-bundle.js HTTP/1.1" 304 0
[INFO] 2025-11-28 00:11:21,860 "GET /static/drf-yasg/swagger-ui-init.js HTTP/1.1" 304 0
[INFO] 2025-11-28 00:11:21,860 "GET /static/drf-yasg/immutable.min.js HTTP/1.1" 304 0
[INFO] 2025-11-28 00:11:21,931 "GET /swagger/?format=openapi HTTP/1.1" 200 3239
[INFO] 2025-11-28 00:14:02,592 D:\projects\dajngofreeman\mainfile\myapp\models.py changed, reloading.
[INFO] 2025-11-28 00:14:03,566 Watching for file changes with StatReloader
[INFO] 2025-11-28 00:14:10,382 D:\projects\dajngofreeman\mainfile\myapp\models.py changed, reloading.
[INFO] 2025-11-28 00:14:11,096 Watching for file changes with StatReloader
[INFO] 2025-11-28 00:14:23,138 D:\projects\dajngofreeman\mainfile\api\views.py changed, reloading.
[INFO] 2025-11-28 00:14:23,926 Watching for file changes with StatReloader
[INFO] 2025-11-28 00:14:29,640 D:\projects\dajngofreeman\mainfile\api\views.py changed, reloading.
[INFO] 2025-11-28 00:14:30,507 Watching for file changes with StatReloader
[INFO] 2025-11-28 00:14:57,179 D:\projects\dajngofreeman\mainfile\api\views.py changed, reloading.
[INFO] 2025-11-28 00:14:57,980 Watching for file changes with StatReloader
[INFO] 2025-11-28 00:15:02,456 D:\projects\dajngofreeman\mainfile\api\views.py changed, reloading.
[INFO] 2025-11-28 00:15:03,464 Watching for file changes with StatReloader
[INFO] 2025-11-28 00:15:16,607 D:\projects\dajngofreeman\mainfile\api\views.py changed, reloading.
[INFO] 2025-11-28 00:15:17,509 Watching for file changes with StatReloader
[INFO] 2025-11-28 00:15:23,042 D:\projects\dajngofreeman\mainfile\api\views.py changed, reloading.
[INFO] 2025-11-28 00:15:23,753 Watching for file changes with StatReloader
[INFO] 2025-11-28 00:15:34,687 D:\projects\dajngofreeman\mainfile\api\views.py changed, reloading.
[INFO] 2025-11-28 00:15:35,539 Watching for file changes with StatReloader
[INFO] 2025-11-28 00:15:38,146 D:\projects\dajngofreeman\mainfile\api\views.py changed, reloading.
[INFO] 2025-11-28 00:15:38,873 Watching for file changes with StatReloader
[INFO] 2025-11-28 00:15:50,839 D:\projects\dajngofreeman\mainfile\api\views.py changed, reloading.
[INFO] 2025-11-28 00:15:51,616 Watching for file changes with StatReloader
[INFO] 2025-11-28 00:15:58,226 D:\projects\dajngofreeman\mainfile\api\views.py changed, reloading.
[INFO] 2025-11-28 00:15:58,985 Watching for file changes with StatReloader
[INFO] 2025-11-28 00:16:00,507 D:\projects\dajngofreeman\mainfile\api\views.py changed, reloading.
[INFO] 2025-11-28 00:16:01,543 Watching for file changes with StatReloader
[INFO] 2025-11-28 00:16:08,144 D:\projects\dajngofreeman\mainfile\api\views.py changed, reloading.
[INFO] 2025-11-28 00:16:09,005 Watching for file changes with StatReloader
[INFO] 2025-11-28 00:16:11,574 D:\projects\dajngofreeman\mainfile\api\views.py changed, reloading.
[INFO] 2025-11-28 00:16:12,367 Watching for file changes with StatReloader
[INFO] 2025-11-28 00:16:20,020 D:\projects\dajngofreeman\mainfile\api\views.py changed, reloading.
[INFO] 2025-11-28 00:16:20,802 Watching for file changes with StatReloader
[INFO] 2025-11-28 00:16:25,375 D:\projects\dajngofreeman\mainfile\api\views.py changed, reloading.
[INFO] 2025-11-28 00:16:26,153 Watching for file changes with StatReloader
[INFO] 2025-11-28 00:16:27,766 D:\projects\dajngofreeman\mainfile\api\views.py changed, reloading.
[INFO] 2025-11-28 00:16:28,582 Watching for file changes with StatReloader
[INFO] 2025-11-28 00:16:32,558 "GET / HTTP/1.1" 200 3585
[INFO] 2025-11-28 00:16:32,610 "GET /static/no-image.png HTTP/1.1" 304 0
[INFO] 2025-11-28 00:16:32,610 "GET /static/css/styles.css HTTP/1.1" 304 0
[INFO] 2025-11-28 00:16:38,655 "GET /swagger/ HTTP/1.1" 200 2209
[INFO] 2025-11-28 00:16:38,687 "GET /static/drf-yasg/style.css HTTP/1.1" 304 0
[INFO] 2025-11-28 00:16:38,692 "GET /static/drf-yasg/swagger-ui-dist/swagger-ui.css HTTP/1.1" 304 0
[INFO] 2025-11-28 00:16:38,694 "GET /static/drf-yasg/swagger-ui-dist/swagger-ui-standalone-preset.js HTTP/1.1" 304 0
[INFO] 2025-11-28 00:16:38,695 "GET /static/drf-yasg/swagger-ui-dist/swagger-ui-bundle.js HTTP/1.1" 304 0
[INFO] 2025-11-28 00:16:38,696 "GET /static/drf-yasg/insQ.min.js HTTP/1.1" 304 0
[INFO] 2025-11-28 00:16:38,698 "GET /static/drf-yasg/immutable.min.js HTTP/1.1" 304 0
[INFO] 2025-11-28 00:16:38,699 "GET /static/drf-yasg/swagger-ui-init.js HTTP/1.1" 304 0
[INFO] 2025-11-28 00:16:38,867 "GET /static/drf-yasg/swagger-ui-dist/favicon-32x32.png HTTP/1.1" 304 0
[INFO] 2025-11-28 00:16:38,873 "GET /swagger/?format=openapi HTTP/1.1" 200 3882
[INFO] 2025-12-07 18:23:13,278 Watching for file changes with StatReloader
[INFO] 2025-12-07 18:23:15,269 "GET / HTTP/1.1" 200 2110
[INFO] 2025-12-07 18:23:15,355 "GET /static/css/styles.css HTTP/1.1" 200 4695
[WARNING] 2025-12-07 18:23:15,744 Not Found: /favicon.ico
[WARNING] 2025-12-07 18:23:15,745 "GET /favicon.ico HTTP/1.1" 404 5873
[INFO] 2025-12-07 18:23:27,420 "GET /register/ HTTP/1.1" 200 1955
[INFO] 2025-12-07 18:23:48,251 "POST /register/ HTTP/1.1" 302 0
[INFO] 2025-12-07 18:23:48,257 "GET / HTTP/1.1" 200 2441
[INFO] 2025-12-07 18:23:53,094 "GET /cart/ HTTP/1.1" 200 1979
[INFO] 2025-12-07 18:23:54,819 "GET / HTTP/1.1" 200 2441
[INFO] 2025-12-07 18:23:55,947 "GET / HTTP/1.1" 200 2441
[INFO] 2025-12-07 18:28:30,762 "GET / HTTP/1.1" 200 2110
[INFO] 2025-12-07 20:04:29,169 Watching for file changes with StatReloader
[INFO] 2025-12-07 20:06:48,029 /home/rarety/projects/dajngofreeman/mainfile/myproject/settings.py changed, reloading.
[INFO] 2025-12-07 20:06:48,707 Watching for file changes with StatReloader
[INFO] 2025-12-07 20:08:21,692 /home/rarety/projects/dajngofreeman/mainfile/myproject/celery.py changed, reloading.
